\BOOKMARK [0][-]{chapter.1}{Grundbegriffe}{}% 1
\BOOKMARK [0][-]{chapter.2}{Definitionen}{}% 2
\BOOKMARK [1][-]{section.2.1}{Definition 2.2 \(aktivierte Transition\)}{chapter.2}% 3
\BOOKMARK [1][-]{section.2.2}{Definition 2.3 \(Schaltfolge\)}{chapter.2}% 4
\BOOKMARK [1][-]{section.2.3}{Definition 2.21}{chapter.2}% 5
\BOOKMARK [2][-]{subsection.2.3.1}{tot}{section.2.3}% 6
\BOOKMARK [2][-]{subsection.2.3.2}{lebendig}{section.2.3}% 7
\BOOKMARK [2][-]{subsection.2.3.3}{Identifikation von S-Invarianten}{section.2.3}% 8
\BOOKMARK [0][-]{chapter.3}{Fairness}{}% 9
\BOOKMARK [1][-]{section.3.1}{Schwache Fairness}{chapter.3}% 10
\BOOKMARK [1][-]{section.3.2}{Strakte Fairness}{chapter.3}% 11
\BOOKMARK [0][-]{chapter.4}{Graphen}{}% 12
\BOOKMARK [1][-]{section.4.1}{Erreichbarkeitsgraph}{chapter.4}% 13
\BOOKMARK [2][-]{subsection.4.1.1}{Definition Erreichbarkeit}{section.4.1}% 14
\BOOKMARK [1][-]{section.4.2}{\334berdeckbarkeitsgraph}{chapter.4}% 15
\BOOKMARK [0][-]{chapter.5}{Lemmata}{}% 16
\BOOKMARK [1][-]{section.5.1}{Dicksons Lemma \(5.3\)}{chapter.5}% 17
\BOOKMARK [1][-]{section.5.2}{K\366nigs Lemma \(5.5\)}{chapter.5}% 18
\BOOKMARK [1][-]{section.5.3}{Lemma 6.3}{chapter.5}% 19
\BOOKMARK [1][-]{section.5.4}{Lemma 6.9}{chapter.5}% 20
\BOOKMARK [1][-]{section.5.5}{Lemma 6.10}{chapter.5}% 21
\BOOKMARK [1][-]{section.5.6}{Lemma 6.11}{chapter.5}% 22
\BOOKMARK [1][-]{section.5.7}{Pumping Lemma}{chapter.5}% 23
\BOOKMARK [0][-]{chapter.6}{\334bungen}{}% 24
\BOOKMARK [1][-]{section.6.1}{\334bung 1}{chapter.6}% 25
\BOOKMARK [1][-]{section.6.2}{\334bung 2}{chapter.6}% 26
\BOOKMARK [1][-]{section.6.3}{\334bung 3}{chapter.6}% 27
\BOOKMARK [1][-]{section.6.4}{\334bung 4}{chapter.6}% 28
\BOOKMARK [1][-]{section.6.5}{\334bung 5}{chapter.6}% 29
\BOOKMARK [1][-]{section.6.6}{\334bung 6}{chapter.6}% 30
\BOOKMARK [1][-]{section.6.7}{\334bung 7}{chapter.6}% 31
